<?xml version="1.0" encoding="UTF-8"?>
<!-- Generated by org.testng.reporters.JUnitReportReporter -->
<testsuite skipped="0" hostname="Ahmetcans-Mini" name="firstPackage.Test2" tests="2" failures="0" timestamp="01 Apr 2021 19:41:33 GMT" time="3.746" errors="0">
  <testcase name="checkForgotPswLink" time="2.248" classname="firstPackage.Test2"/>
  <testcase name="checkTitle" time="1.498" classname="firstPackage.Test2"/>
</testsuite> <!-- firstPackage.Test2 -->
