<?xml version="1.0" encoding="UTF-8"?>
<!-- Generated by org.testng.reporters.JUnitReportReporter -->
<testsuite skipped="0" hostname="Ahmetcans-Mini" name="firstPackage.Test1" tests="4" failures="0" timestamp="01 Apr 2021 19:41:24 GMT" time="0.006" errors="0">
  <testcase name="test1" time="0.004" classname="firstPackage.Test1"/>
  <testcase name="test2" time="0.000" classname="firstPackage.Test1"/>
  <testcase name="test3" time="0.000" classname="firstPackage.Test1"/>
  <testcase name="test4" time="0.002" classname="firstPackage.Test1"/>
</testsuite> <!-- firstPackage.Test1 -->
