<?xml version="1.0" encoding="UTF-8"?>
<!-- Generated by org.testng.reporters.JUnitReportReporter -->
<testsuite skipped="0" hostname="Ahmetcans-Mac-mini.local" name="firstPackage.Test3" tests="2" failures="0" timestamp="01 Apr 2021 20:13:33 GMT" time="5.808" errors="0">
  <testcase name="checkForgotPswLink" time="4.009" classname="firstPackage.Test3"/>
  <testcase name="checkTitle" time="1.799" classname="firstPackage.Test3"/>
</testsuite> <!-- firstPackage.Test3 -->
